<?xml version="1.0" encoding="UTF-8"?>
<!-- Generated by org.testng.reporters.JUnitReportReporter -->
<testsuite hostname="Aspire7" failures="0" tests="1" name="com.jira.TestClasses.TC01_Verify" time="14.662" errors="0" timestamp="2022-12-30T13:40:11 IST" skipped="0">
  <testcase classname="com.jira.TestClasses.TC01_Verify" name="verify" time="14.662"/>
  <system-out/>
</testsuite> <!-- com.jira.TestClasses.TC01_Verify -->
