<?xml version="1.0" encoding="UTF-8"?>
<!-- Generated by org.testng.reporters.JUnitReportReporter -->
<testsuite hostname="Aspire7" failures="0" tests="1" name="com.jira.TestClasses.TC01_VerifyLoginFunctionality" time="18.441" errors="0" timestamp="2023-01-11T20:27:22 IST" skipped="0">
  <testcase classname="com.jira.TestClasses.TC01_VerifyLoginFunctionality" name="verifyLoginFunctionality" time="18.441"/>
  <system-out/>
</testsuite> <!-- com.jira.TestClasses.TC01_VerifyLoginFunctionality -->
