<?xml version="1.0" encoding="UTF-8"?>
<!-- Generated by org.testng.reporters.JUnitReportReporter -->
<testsuite hostname="Aspire7" failures="0" tests="1" name="com.jira.TestClasses.TC03_Verify" time="21.533" errors="0" timestamp="2023-01-11T20:25:15 IST" skipped="0">
  <testcase classname="com.jira.TestClasses.TC03_Verify" name="verify" time="21.533"/>
  <system-out/>
</testsuite> <!-- com.jira.TestClasses.TC03_Verify -->
